<?xml version="1.0" encoding="UTF-8"?>
<testng-results ignored="0" total="1" passed="1" failed="0" skipped="0">
  <reporter-output>
  </reporter-output>
  <suite started-at="2022-07-14T10:13:33 ICT" name="All Test Suite" finished-at="2022-07-14T10:13:41 ICT" duration-ms="8452">
    <groups>
    </groups>
    <test started-at="2022-07-14T10:13:33 ICT" name="Test Cart" finished-at="2022-07-14T10:13:41 ICT" duration-ms="8452">
      <class name="com.vmo.test.testH">
        <test-method is-config="true" signature="beforeTest(java.lang.String)[pri:0, instance:com.vmo.test.testH@7d7758be]" started-at="2022-07-14T10:13:33 ICT" name="beforeTest" finished-at="2022-07-14T10:13:39 ICT" duration-ms="6389" status="PASS">
          <params>
            <param index="0">
              <value>
                <![CDATA[Chrome]]>
              </value>
            </param>
          </params>
          <reporter-output>
          </reporter-output>
        </test-method> <!-- beforeTest -->
        <test-method signature="test()[pri:0, instance:com.vmo.test.testH@7d7758be]" started-at="2022-07-14T10:13:39 ICT" name="test" finished-at="2022-07-14T10:13:41 ICT" duration-ms="2017" status="PASS">
          <reporter-output>
          </reporter-output>
        </test-method> <!-- test -->
        <test-method is-config="true" signature="afterTest()[pri:0, instance:com.vmo.test.testH@7d7758be]" started-at="2022-07-14T10:13:41 ICT" name="afterTest" finished-at="2022-07-14T10:13:41 ICT" duration-ms="0" status="PASS">
          <reporter-output>
          </reporter-output>
        </test-method> <!-- afterTest -->
      </class> <!-- com.vmo.test.testH -->
    </test> <!-- Test Cart -->
  </suite> <!-- All Test Suite -->
</testng-results>
